<?xml version="1.0" encoding="UTF-8"?>
<testsuite xmlns:xsi="http://www.w3.org/2001/XMLSchema-instance" xsi:noNamespaceSchemaLocation="https://maven.apache.org/surefire/maven-surefire-plugin/xsd/surefire-test-report.xsd" name="com.oopmastery.inheritance.shape.ShapeTest" time="0.129" tests="8" errors="0" skipped="0" failures="0">
  <properties>
[...]
</properties>
  <testcase name="testCircleCalculations" classname="com.oopmastery.inheritance.shape.ShapeTest" time="0.064"/>
  <testcase name="testPolymorphicBehavior" classname="com.oopmastery.inheritance.shape.ShapeTest" time="0.024"/>
  <testcase name="testCircleCreation" classname="com.oopmastery.inheritance.shape.ShapeTest" time="0.001"/>
  <testcase name="testRectangleCalculations" classname="com.oopmastery.inheritance.shape.ShapeTest" time="0.003"/>
  <testcase name="testInvalidDimensions" classname="com.oopmastery.inheritance.shape.ShapeTest" time="0.008"/>
  <testcase name="testRectangleCreation" classname="com.oopmastery.inheritance.shape.ShapeTest" time="0.001"/>
  <testcase name="testShapeModification" classname="com.oopmastery.inheritance.shape.ShapeTest" time="0.001"/>
  <testcase name="testSquareRectangle" classname="com.oopmastery.inheritance.shape.ShapeTest" time="0.001"/>
</testsuite>